Compiling...
Compile complete.
0x5e17c8 : 'nop' 0 0 ARGC_INT
0x8bcdd0 : 'pop' 0 0 ARGC_INT
0x5e04a0 : 0x40c390 [1] 1000000 ARGC_INT
0x5e04e8 : 0x40c390 [2] 0 ARGC_INT
0x5e0548 : 0x40c390 [3] 0 ARGC_INT
0x8bce38 : 0x40f650 [3] [1] ARGC_INT
0x8bce80 : 0x410520 0x8bce38 0x5e8860 ARGC_INT
0x8bcfa0 : 0x40a9f0 [2] 1 ARGC_INT
0x5eb498 : 0x40c340 [2] 0x8bcfa0 ARGC_INT
0x8bcec8 : 0x40a9f0 [3] 1 ARGC_INT
0x8bcf10 : 0x40c340 [3] 0x8bcec8 ARGC_INT
0x8bcf58 : 'jmp' 0x8bce38 0 ARGC_INT
0x5e8860 : 'nop' 0 0 ARGC_INT
0x5e8f90 : 'ret' 0 0 ARGC_INT
0x5e8ba0 : 'ret'  0 ARGC_INT
0x5e8be8 : 0x40c390 [0] 16 ARGC_INT
0x5e8fd8 : 0x40c390 [1] 0 ARGC_INT
0x5e9020 : 0x40c390 [2] 0 ARGC_INT
0x5e8c30 : 0x40f650 [2] [0] ARGC_INT
0x5e8c78 : 0x410520 0x5e8c30 0x5e9290 ARGC_INT
0x5e8f48 : 0x40c390 [3] 0 ARGC_INT
0x5e8d50 : 0x40f650 [3] [0] ARGC_INT
0x5e8e70 : 0x410520 0x5e8d50 0x5e9368 ARGC_INT
0x5e8a80 : 0x40c390 [4] 0 ARGC_INT
0x5e89f0 : 0x40f650 [4] [0] ARGC_INT
0x5e8a38 : 0x410520 0x5e89f0 0x5e9248 ARGC_INT
0x5e8ac8 : 0x40c390 [5] 0 ARGC_INT
0x5e8b58 : 0x40f650 [5] [0] ARGC_INT
0x5e8f00 : 0x410520 0x5e8b58 0x5e97a0 ARGC_INT
0x5e91b8 : 0x40c390 [6] 0 ARGC_INT
0x5e92d8 : 0x40f650 [6] [0] ARGC_INT
0x5e9488 : 0x410520 0x5e92d8 0x5e9200 ARGC_INT
0x5e9440 : 0x40c390 [7] 0 ARGC_INT
0x5e94d0 : 0x40f650 [7] [0] ARGC_INT
0x5e9998 : 0x410520 0x5e94d0 0x5e9320 ARGC_INT
0x5e9170 : 0x40a9f0 [1] 1 ARGC_INT
0x5e96c8 : 0x40c340 [1] 0x5e9170 ARGC_INT
0x5e95f0 : 0x40a9f0 [7] 1 ARGC_INT
0x5e9680 : 0x40c340 [7] 0x5e95f0 ARGC_INT
0x5e9950 : 'jmp' 0x5e94d0 0 ARGC_INT
0x5e9320 : 'nop' 0 0 ARGC_INT
0x5e90e0 : 0x40a9f0 [6] 1 ARGC_INT
0x5e9638 : 0x40c340 [6] 0x5e90e0 ARGC_INT
0x5e9128 : 'jmp' 0x5e92d8 0 ARGC_INT
0x5e9200 : 'nop' 0 0 ARGC_INT
0x5e8de0 : 0x40a9f0 [5] 1 ARGC_INT
0x5e8960 : 0x40c340 [5] 0x5e8de0 ARGC_INT
0x5e8d98 : 'jmp' 0x5e8b58 0 ARGC_INT
0x5e97a0 : 'nop' 0 0 ARGC_INT
0x5e8eb8 : 0x40a9f0 [4] 1 ARGC_INT
0x5e8e28 : 0x40c340 [4] 0x5e8eb8 ARGC_INT
0x5e89a8 : 'jmp' 0x5e89f0 0 ARGC_INT
0x5e9248 : 'nop' 0 0 ARGC_INT
0x5e9068 : 0x40a9f0 [3] 1 ARGC_INT
0x5e8b10 : 0x40c340 [3] 0x5e9068 ARGC_INT
0x5e88d0 : 'jmp' 0x5e8d50 0 ARGC_INT
0x5e9368 : 'nop' 0 0 ARGC_INT
0x5e8918 : 0x40a9f0 [2] 1 ARGC_INT
0x5e8cc0 : 0x40c340 [2] 0x5e8918 ARGC_INT
0x5e8d08 : 'jmp' 0x5e8c30 0 ARGC_INT
0x5e9290 : 'nop' 0 0 ARGC_INT
0x5e93f8 : 'ret'  0 ARGC_INT
0x5e93b0 : 0x40c390 [0] 1000000 ARGC_INT
0x5e9518 : 0x40c390 [2] 0 ARGC_INT
0x5e9560 : 0x40f650 [2] [0] ARGC_INT
0x5e95a8 : 0x410520 0x5e9560 0x5e9908 ARGC_INT
0x5e97e8 : 0x40b500 [2] 5 ARGC_INT
0x5e9830 : 0x40a7c0 -864 0x5e97e8 ARGC_INT
0x5e9878 : 0x40c340 [1] 0x5e9830 ARGC_INT
0x5e9710 : 0x40a9f0 [2] 1 ARGC_INT
0x5e9758 : 0x40c340 [2] 0x5e9710 ARGC_INT
0x5e98c0 : 'jmp' 0x5e9560 0 ARGC_INT
0x5e9908 : 'nop' 0 0 ARGC_INT
0x5e9d88 : 'ret' 123 0 ARGC_INT
0x5e9e60 : 'ret'  0 ARGC_INT
0x5e9ab8 : 0x40c390 [0] 10 ARGC_INT
0x5e9ef0 : 0x40c390 [1] 100000 ARGC_INT
0x5e9e18 : 0x40c390 [2] 0 ARGC_INT
0x5e9ea8 : 0x40f650 [2] [0] ARGC_INT
0x5e9dd0 : 0x410520 0x5e9ea8 0x5e9bd8 ARGC_INT
0x5e9fc8 : 0x40c390 [3] 0 ARGC_INT
0x5e9f80 : 0x40f650 [3] [1] ARGC_INT
0x5e9c20 : 0x410520 0x5e9f80 0x5e9b90 ARGC_INT
0x5e9a70 : 0x40b350 3.140000 [3] ARGC_INT
0x5e9b00 : 0x40b810 0x5e9a70 [1] ARGC_INT
0x5e9b48 : 0x40c340 [4] 0x5e9b00 ARGC_INT
0x5ea010 : 0x40a9f0 [3] 1 ARGC_INT
0x5ea058 : 0x40c340 [3] 0x5ea010 ARGC_INT
0x5e9cb0 : 'jmp' 0x5e9f80 0 ARGC_INT
0x5e9b90 : 'nop' 0 0 ARGC_INT
0x5e99e0 : 0x40a9f0 [2] 1 ARGC_INT
0x5e9f38 : 0x40c340 [2] 0x5e99e0 ARGC_INT
0x5e9a28 : 'jmp' 0x5e9ea8 0 ARGC_INT
0x5e9bd8 : 'nop' 0 0 ARGC_INT
0x5e9cf8 : 'ret' 0 0 ARGC_INT
0x5e9c68 : 'ret'  0 ARGC_INT
0x5e9d40 : 'pop' 4 0 ARGC_INT
0x5ebdc8 : 0x40f5b0 [0] 2 ARGC_INT
0x5eb948 : 0x410520 0x5ebdc8 0x5eba68 ARGC_INT
0x5eb990 : 'ret' 1 0 ARGC_INT
0x5eba68 : 'nop' 0 0 ARGC_INT
0x5eb870 : 0x40af80 [0] 2 ARGC_INT
0x5eb558 : 0x410a60 0x5eb870 0 ARGC_INT
0x5ebb88 : 'call' 4 0 ARGC_INT
0x5ebab0 : 0x40af80 [0] 1 ARGC_INT
0x5eb708 : 0x410a60 0x5ebab0 0 ARGC_INT
0x5ebbd0 : 'call' 4 0 ARGC_INT
0x5eb630 : 0x40a6b0 0x5ebb88 0x5ebbd0 ARGC_INT
0x5eb750 : 'ret' 0x5eb630 0 ARGC_INT
0x5eb798 : 'ret'  0 ARGC_INT
0x5eb7e0 : 'call' 3 0 ARGC_INT
0x5eb5a0 : 0x40c230 [0x5ea418] 0x5eb7e0 ARGC_INT
